2016-03-22 17:51:17.559  INFO [main] (io.mycat.MycatStartup.main(MycatStartup.java:48)) - home value is : C:\project\workspace\Mycat-Server\src\main
2016-03-22 17:51:17.668  INFO [main] (io.mycat.backend.PhysicalDBPool.<init>(PhysicalDBPool.java:86)) - total resouces of dataHost jdbchost is :1
2016-03-22 17:51:17.669  INFO [main] (io.mycat.backend.PhysicalDBPool.<init>(PhysicalDBPool.java:86)) - total resouces of dataHost localhost1 is :2
2016-03-22 17:51:17.782  INFO [main] (io.mycat.cache.CacheService.createLayeredPool(CacheService.java:127)) - create layer cache pool TableID2DataNodeCache of type encache ,default cache size 10000 ,default expire seconds18000
2016-03-22 17:51:17.785  INFO [main] (io.mycat.cache.DefaultLayedCachePool.createChildCache(DefaultLayedCachePool.java:81)) - create child Cache: TESTDB_ORDERS for layered cache TableID2DataNodeCache, size 50000, expire seconds 18000
2016-03-22 17:51:17.807 DEBUG [main] (net.sf.ehcache.config.ConfigurationFactory.parseConfiguration(ConfigurationFactory.java:132)) - Configuring ehcache from ehcache.xml found in the classpath: file:/C:/project/workspace/Mycat-Server/target/classes/ehcache.xml
2016-03-22 17:51:17.809 DEBUG [main] (net.sf.ehcache.config.ConfigurationFactory.parseConfiguration(ConfigurationFactory.java:98)) - Configuring ehcache from URL: file:/C:/project/workspace/Mycat-Server/target/classes/ehcache.xml
2016-03-22 17:51:17.812 DEBUG [main] (net.sf.ehcache.config.ConfigurationFactory.parseConfiguration(ConfigurationFactory.java:150)) - Configuring ehcache from InputStream
2016-03-22 17:51:17.828 DEBUG [main] (net.sf.ehcache.config.BeanHandler.setAttribute(BeanHandler.java:271)) - Ignoring ehcache attribute xmlns:xsi
2016-03-22 17:51:17.828 DEBUG [main] (net.sf.ehcache.config.BeanHandler.setAttribute(BeanHandler.java:271)) - Ignoring ehcache attribute xsi:noNamespaceSchemaLocation
2016-03-22 17:51:17.829 DEBUG [main] (net.sf.ehcache.config.BeanHandler.setAttribute(BeanHandler.java:271)) - Ignoring ehcache attribute maxEntriesLocalHeap
2016-03-22 17:51:17.846 DEBUG [main] (net.sf.ehcache.CacheManager.newInstance(CacheManager.java:1036)) - Creating new CacheManager with default config
2016-03-22 17:51:17.851 DEBUG [main] (net.sf.ehcache.util.PropertyUtil.parseProperties(PropertyUtil.java:88)) - propertiesString is null.
2016-03-22 17:51:17.866 DEBUG [main] (net.sf.ehcache.config.ConfigurationHelper.createCacheManagerEventListener(ConfigurationHelper.java:185)) - No CacheManagerEventListenerFactory class specified. Skipping...
2016-03-22 17:51:18.256 DEBUG [main] (net.sf.ehcache.Cache.createBootstrapCacheLoader(Cache.java:955)) - No BootstrapCacheLoaderFactory class specified. Skipping...
2016-03-22 17:51:18.256 DEBUG [main] (net.sf.ehcache.Cache.createCacheWriter(Cache.java:929)) - CacheWriter factory not configured. Skipping...
2016-03-22 17:51:18.258 DEBUG [main] (net.sf.ehcache.config.ConfigurationHelper.createCacheExceptionHandler(ConfigurationHelper.java:96)) - No CacheExceptionHandlerFactory class specified. Skipping...
2016-03-22 17:51:18.267 DEBUG [main] (net.sf.ehcache.Cache.createBootstrapCacheLoader(Cache.java:955)) - No BootstrapCacheLoaderFactory class specified. Skipping...
2016-03-22 17:51:18.268 DEBUG [main] (net.sf.ehcache.Cache.createCacheWriter(Cache.java:929)) - CacheWriter factory not configured. Skipping...
2016-03-22 17:51:18.294 DEBUG [main] (net.sf.ehcache.store.MemoryStore.<init>(MemoryStore.java:153)) - Initialized net.sf.ehcache.store.NotifyingMemoryStore for TableID2DataNodeCache.TESTDB_ORDERS
2016-03-22 17:51:18.301 DEBUG [main] (net.sf.ehcache.Cache.initialise(Cache.java:1165)) - Initialised cache: TableID2DataNodeCache.TESTDB_ORDERS
2016-03-22 17:51:18.302 DEBUG [main] (net.sf.ehcache.CacheManager.create(CacheManager.java:794)) - Attempting to create an existing singleton. Existing singleton returned.
2016-03-22 17:51:18.303 DEBUG [main] (net.sf.ehcache.Cache.createBootstrapCacheLoader(Cache.java:955)) - No BootstrapCacheLoaderFactory class specified. Skipping...
2016-03-22 17:51:18.303 DEBUG [main] (net.sf.ehcache.Cache.createCacheWriter(Cache.java:929)) - CacheWriter factory not configured. Skipping...
2016-03-22 17:51:18.304 DEBUG [main] (net.sf.ehcache.store.MemoryStore.<init>(MemoryStore.java:153)) - Initialized net.sf.ehcache.store.NotifyingMemoryStore for ER_SQL2PARENTID
2016-03-22 17:51:18.304 DEBUG [main] (net.sf.ehcache.Cache.initialise(Cache.java:1165)) - Initialised cache: ER_SQL2PARENTID
2016-03-22 17:51:18.304 DEBUG [main] (net.sf.ehcache.CacheManager.create(CacheManager.java:794)) - Attempting to create an existing singleton. Existing singleton returned.
2016-03-22 17:51:18.304 DEBUG [main] (net.sf.ehcache.Cache.createBootstrapCacheLoader(Cache.java:955)) - No BootstrapCacheLoaderFactory class specified. Skipping...
2016-03-22 17:51:18.305 DEBUG [main] (net.sf.ehcache.Cache.createCacheWriter(Cache.java:929)) - CacheWriter factory not configured. Skipping...
2016-03-22 17:51:18.305 DEBUG [main] (net.sf.ehcache.store.MemoryStore.<init>(MemoryStore.java:153)) - Initialized net.sf.ehcache.store.NotifyingMemoryStore for SQLRouteCache
2016-03-22 17:51:18.305 DEBUG [main] (net.sf.ehcache.Cache.initialise(Cache.java:1165)) - Initialised cache: SQLRouteCache
2016-03-22 17:51:18.309  INFO [main] (io.mycat.server.classloader.DynaClassLoader.<init>(DynaClassLoader.java:32)) - dyna class load from C:\project\workspace\Mycat-Server\src\main\catlet,and auto check for class file modified every 60 seconds
2016-03-22 17:51:22.384  INFO [main] (io.mycat.MycatServer.startup(MycatServer.java:162)) - =====================================================================
2016-03-22 17:51:23.817  INFO [main] (io.mycat.MycatServer.startup(MycatServer.java:163)) - MyCat server is ready to startup ...
2016-03-22 17:51:37.246  INFO [main] (io.mycat.MycatServer.startup(MycatServer.java:173)) - Startup processors ...,total processors:4,aio thread pool size:8    
 each process allocated socket buffer pool  bytes ,buffer chunk size:4096  buffer pool's capacity(buferPool/bufferChunk) is:4000
2016-03-22 17:52:01.311  INFO [main] (io.mycat.MycatServer.startup(MycatServer.java:174)) - sysconfig params:SystemConfig [processorBufferLocalPercent=100, frontSocketSoRcvbuf=1048576, frontSocketSoSndbuf=4194304, backSocketSoRcvbuf=4194304, backSocketSoSndbuf=1048576, frontSocketNoDelay=1, backSocketNoDelay=1, maxStringLiteralLength=65535, frontWriteQueueSize=2048, bindIp=0.0.0.0, serverPort=8066, managerPort=9066, charset=utf8, processors=4, processorExecutor=8, timerExecutor=2, managerExecutor=2, idleTimeout=1800000, catletClassCheckSeconds=60, sqlExecuteTimeout=300, processorCheckPeriod=1000, dataNodeIdleCheckPeriod=300000, dataNodeHeartbeatPeriod=10000, clusterHeartbeatUser=_HEARTBEAT_USER_, clusterHeartbeatPass=_HEARTBEAT_PASS_, clusterHeartbeatPeriod=5000, clusterHeartbeatTimeout=10000, clusterHeartbeatRetry=10, txIsolation=3, parserCommentVersion=50148, sqlRecordCount=10, processorBufferPool=16384000, processorBufferChunk=4096, defaultMaxLimit=100, sequnceHandlerType=2, sqlInterceptor=io.mycat.server.interceptor.impl.DefaultSqlInterceptor, sqlInterceptorType=select, sqlInterceptorFile=C:\project\workspace\Mycat-Server/logs/sql.txt, mutiNodeLimitType=0, mutiNodePatchSize=100, defaultSqlParser=fdbparser, usingAIO=0, packetHeaderSize=4, maxPacketSize=16777216, mycatNodeId=1]
2016-03-22 17:52:26.636  INFO [main] (io.mycat.MycatServer.startup(MycatServer.java:162)) - =====================================================================
2016-03-22 17:52:28.014  INFO [main] (io.mycat.MycatServer.startup(MycatServer.java:163)) - MyCat server is ready to startup ...
2016-03-22 17:52:29.371  INFO [main] (io.mycat.MycatServer.startup(MycatServer.java:174)) - sysconfig params:SystemConfig [processorBufferLocalPercent=100, frontSocketSoRcvbuf=1048576, frontSocketSoSndbuf=4194304, backSocketSoRcvbuf=4194304, backSocketSoSndbuf=1048576, frontSocketNoDelay=1, backSocketNoDelay=1, maxStringLiteralLength=65535, frontWriteQueueSize=2048, bindIp=0.0.0.0, serverPort=8066, managerPort=9066, charset=utf8, processors=4, processorExecutor=8, timerExecutor=2, managerExecutor=2, idleTimeout=1800000, catletClassCheckSeconds=60, sqlExecuteTimeout=300, processorCheckPeriod=1000, dataNodeIdleCheckPeriod=300000, dataNodeHeartbeatPeriod=10000, clusterHeartbeatUser=_HEARTBEAT_USER_, clusterHeartbeatPass=_HEARTBEAT_PASS_, clusterHeartbeatPeriod=5000, clusterHeartbeatTimeout=10000, clusterHeartbeatRetry=10, txIsolation=3, parserCommentVersion=50148, sqlRecordCount=10, processorBufferPool=16384000, processorBufferChunk=4096, defaultMaxLimit=100, sequnceHandlerType=2, sqlInterceptor=io.mycat.server.interceptor.impl.DefaultSqlInterceptor, sqlInterceptorType=select, sqlInterceptorFile=C:\project\workspace\Mycat-Server/logs/sql.txt, mutiNodeLimitType=0, mutiNodePatchSize=100, defaultSqlParser=fdbparser, usingAIO=0, packetHeaderSize=4, maxPacketSize=16777216, mycatNodeId=1]
2016-03-22 17:52:40.357  INFO [main] (io.mycat.MycatServer.startup(MycatServer.java:182)) - ===============================================
2016-03-22 17:52:48.381  INFO [main] (io.mycat.MycatServer.startup(MycatServer.java:183)) - MyCat is ready to startup ,network config:SystemConfig [processorBufferLocalPercent=100, frontSocketSoRcvbuf=1048576, frontSocketSoSndbuf=4194304, backSocketSoRcvbuf=4194304, backSocketSoSndbuf=1048576, frontSocketNoDelay=1, backSocketNoDelay=1, maxStringLiteralLength=65535, frontWriteQueueSize=2048, bindIp=0.0.0.0, serverPort=8066, managerPort=9066, charset=utf8, processors=4, processorExecutor=8, timerExecutor=2, managerExecutor=2, idleTimeout=1800000, catletClassCheckSeconds=60, sqlExecuteTimeout=300, processorCheckPeriod=1000, dataNodeIdleCheckPeriod=300000, dataNodeHeartbeatPeriod=10000, clusterHeartbeatUser=_HEARTBEAT_USER_, clusterHeartbeatPass=_HEARTBEAT_PASS_, clusterHeartbeatPeriod=5000, clusterHeartbeatTimeout=10000, clusterHeartbeatRetry=10, txIsolation=3, parserCommentVersion=50148, sqlRecordCount=10, processorBufferPool=16384000, processorBufferChunk=4096, defaultMaxLimit=100, sequnceHandlerType=2, sqlInterceptor=io.mycat.server.interceptor.impl.DefaultSqlInterceptor, sqlInterceptorType=select, sqlInterceptorFile=C:\project\workspace\Mycat-Server/logs/sql.txt, mutiNodeLimitType=0, mutiNodePatchSize=100, defaultSqlParser=fdbparser, usingAIO=0, packetHeaderSize=4, maxPacketSize=16777216, mycatNodeId=1]
